<?xml version="1.0" encoding="UTF-8"?>
<!-- Generated by org.testng.reporters.JUnitReportReporter -->
<testsuite hostname="DESKTOP-VNV6CHJ" failures="0" tests="1" name="org.testScript.LeadsAutomationTestScripts" time="98.034" errors="0" timestamp="2025-05-29T08:10:15 IST" skipped="0">
  <testcase classname="org.testScript.LeadsAutomationTestScripts" name="testLeadsCreationswithRequaredFieldsOnly" time="98.034"/>
</testsuite> <!-- org.testScript.LeadsAutomationTestScripts -->
