<?xml version="1.0" encoding="UTF-8"?>
<!-- Generated by org.testng.reporters.JUnitReportReporter -->
<testsuite hostname="DESKTOP-VNV6CHJ" failures="0" tests="1" name="org.testScript.LeadsAutomationTestScripts" time="15.760" errors="0" timestamp="2025-04-19T17:33:36 IST" skipped="0">
  <testcase classname="org.testScript.LeadsAutomationTestScripts" name="testLeadsCreationswithRequaredFieldsOnly" time="15.760"/>
</testsuite> <!-- org.testScript.LeadsAutomationTestScripts -->
